error: File must be an image
error: {"storageErrors":[]}
error: "Invalid token"
error: "Resource not found"
error: "Cannot set property 'statusCode' of undefined"
error: "Cannot set property 'statusCode' of undefined"
error: "Cannot set property 'statusCode' of undefined"
error: "Cannot set property 'statusCode' of undefined"
error: "Resource not found"
error: "Cannot set property 'statusCode' of undefined"
error: "Cannot set property 'statusCode' of undefined"
error: "Cannot set property 'statusCode' of undefined"
error: "Cannot set property 'statusCode' of undefined"
error: "Resource not found"
error: "Cannot set property 'statusCode' of undefined"
error: "Cannot set property 'statusCode' of undefined"
error: "Invalid token"
error: "Cannot set property 'statusCode' of undefined"
error: "Relation \"user\" was not found; please check if it is correct and really exists in your entity."
error: "Invalid token"
error: "Invalid token"
error: "Invalid token"
error: "Invalid token"
error: "Invalid token"
error: "Cannot read property 'getCustomRepository' of null"
error: "relation \"sneaker\" does not exist"
error: "relation \"sneaker\" does not exist"
error: "relation \"sneaker\" does not exist"
error: "relation \"sneaker\" does not exist"
error: "Resource not found"
error: "Resource not found"
error: "Resource not found"
error: "Resource not found"
error: "Cannot set property 'statusCode' of undefined"
error: "Cannot set property 'statusCode' of undefined"
error: "Cannot set property 'statusCode' of undefined"
error: "Cannot set property 'statusCode' of undefined"
error: "Cannot set property 'statusCode' of undefined"
error: "Cannot set property 'statusCode' of undefined"
error: "Cannot set property 'statusCode' of undefined"
error: "Cannot read property 'toSneakerResponseObject' of undefined"
error: "Cannot destructure property 'firstName' of 'user' as it is undefined."
error: "Cannot destructure property 'firstName' of 'user' as it is undefined."
error: "relation \"sneaker\" does not exist"
error: "relation \"sneaker\" does not exist"
error: "relation \"sneaker\" does not exist"
error: "relation \"sneaker\" does not exist"
error: "relation \"sneaker\" does not exist"
error: "relation \"sneaker\" does not exist"
error: "relation \"sneaker\" does not exist"
error: "relation \"sneaker\" does not exist"
error: "relation \"sneaker\" does not exist"
error: "relation \"sneaker\" does not exist"
error: "relation \"sneaker\" does not exist"
error: "relation \"sneaker\" does not exist"
error: "Invalid token"
error: "Resource not found"
error: "Cannot destructure property 'firstName' of 'user' as it is undefined."
error: "Cannot read property 'id' of undefined"
error: "Cannot read property 'id' of undefined"
error: "Cannot read property 'id' of undefined"
error: "Cannot read property 'id' of undefined"
error: "Cannot read property 'id' of undefined"
error: "Cannot read property 'id' of undefined"
