info: Server is up on port 4000
info: connected to POSTGRES (burp) ספערגטסופ
info: User authenticated successfully
info: "media\\2fa85e1186db2e5406d2f736b2424228"
info: Server is up on port 4000
info: connected to POSTGRES (burp) ספערגטסופ
info: User authenticated successfully
info: "media\\91c0a5e3461cd185b1499f01f5af7c77"
info: Server is up on port 4000
info: connected to POSTGRES (burp) ספערגטסופ
info: Server is up on port 4000
info: connected to POSTGRES (burp) ספערגטסופ
info: User authenticated successfully
info: "media\\1616670214816.png"
info: User authenticated successfully
info: "media\\1616670243174.png"
info: User authenticated successfully
error: File must be an image
error: {"storageErrors":[]}
info: Server is up on port 4000
info: connected to POSTGRES (burp) ספערגטסופ
